<?xml version="1.0" encoding="UTF-8"?>
<!-- Generated by org.testng.reporters.JUnitReportReporter -->
<testsuite hostname="DESKTOP-EDKNOOU" failures="0" tests="1" name="runner.Runner" time="12.658" errors="0" timestamp="2022-04-09T12:30:31 EDT" skipped="0">
  <testcase classname="runner.Runner" name="runScenario" time="12.658"/>
  <system-out/>
</testsuite> <!-- runner.Runner -->
