<?xml version="1.0" encoding="UTF-8"?>
<!-- Generated by org.testng.reporters.JUnitReportReporter -->
<testsuite hostname="DESKTOP-EDKNOOU" failures="0" tests="1" name="tests.ThreeTest" time="12.039" errors="0" timestamp="2022-04-09T12:36:56 EDT" skipped="0">
  <testcase classname="tests.ThreeTest" name="testThree" time="12.039"/>
  <system-out/>
</testsuite> <!-- tests.ThreeTest -->
