<?xml version="1.0" encoding="UTF-8"?>
<!-- Generated by org.testng.reporters.JUnitReportReporter -->
<testsuite hostname="DESKTOP-EDKNOOU" failures="0" tests="1" name="tests.Fourtest" time="0.011" errors="0" timestamp="2022-01-19T20:39:52 EST" skipped="0">
  <testcase classname="tests.Fourtest" name="testFour" time="0.011"/>
  <system-out/>
</testsuite> <!-- tests.Fourtest -->
