<?xml version="1.0" encoding="UTF-8"?>
<!-- Generated by org.testng.reporters.JUnitReportReporter -->
<testsuite hostname="DESKTOP-EDKNOOU" failures="0" tests="1" name="tests.TwoTest" time="11.547" errors="0" timestamp="2022-04-09T12:36:56 EDT" skipped="0">
  <testcase classname="tests.TwoTest" name="testTwo" time="11.547"/>
  <system-out/>
</testsuite> <!-- tests.TwoTest -->
