<?xml version="1.0" encoding="UTF-8"?>
<!-- Generated by org.testng.reporters.JUnitReportReporter -->
<testsuite hostname="DESKTOP-EDKNOOU" failures="0" tests="2" name="tests.LoginTest" time="25.423" errors="0" timestamp="2022-04-09T12:36:56 EDT" skipped="0">
  <testcase classname="tests.LoginTest" name="login" time="13.588"/>
  <system-out/>
  <testcase classname="tests.LoginTest" name="login" time="11.835"/>
  <system-out/>
</testsuite> <!-- tests.LoginTest -->
